2025-07-07 11:59:22 - Request: GET banner
2025-07-07 11:59:22 - GET Error: Table 'form.banner' doesn't exist
2025-07-07 11:59:22 - Request: GET banner
2025-07-07 11:59:22 - GET Error: Table 'form.banner' doesn't exist
2025-07-07 12:01:55 - Request: GET banner
2025-07-07 12:01:55 - GET Error: Table 'form.banner' doesn't exist
2025-07-07 12:01:55 - Request: GET banner
2025-07-07 12:01:55 - GET Error: Table 'form.banner' doesn't exist
2025-07-07 12:06:06 - Request: GET banner
2025-07-07 12:06:06 - GET Error: Table 'form.banner' doesn't exist
2025-07-07 12:06:07 - Request: GET banner
2025-07-07 12:06:07 - GET Error: Table 'form.banner' doesn't exist
2025-07-07 12:06:16 - Request: GET banner
2025-07-07 12:06:16 - GET Error: Table 'form.banner' doesn't exist
2025-07-07 12:06:16 - Request: GET banner
2025-07-07 12:06:16 - GET Error: Table 'form.banner' doesn't exist
2025-07-07 12:08:41 - Request: GET banner
2025-07-07 12:08:41 - GET Error: Table 'form.banner' doesn't exist
2025-07-07 12:08:41 - Request: GET banner
2025-07-07 12:08:41 - GET Error: Table 'form.banner' doesn't exist
2025-07-07 12:14:05 - Request: GET banner
2025-07-07 12:14:05 - GET Error: Table 'form.banner' doesn't exist
2025-07-07 12:14:05 - Request: GET banner
2025-07-07 12:14:05 - GET Error: Table 'form.banner' doesn't exist
2025-07-07 12:15:27 - Request: GET chu_chay
2025-07-07 12:15:27 - GET Error: Table 'form.chu_chay' doesn't exist
2025-07-07 12:15:27 - Request: GET chu_chay
2025-07-07 12:15:27 - GET Error: Table 'form.chu_chay' doesn't exist
2025-07-07 13:34:53 - Request: GET chu_chay
2025-07-07 13:34:53 - GET Error: Table 'form.chu_chay' doesn't exist
2025-07-07 13:34:53 - Request: GET chu_chay
2025-07-07 13:34:53 - GET Error: Table 'form.chu_chay' doesn't exist
2025-07-07 14:38:28 - Request: GET chu_chay
2025-07-07 14:38:28 - GET Error: Table 'form.chu_chay' doesn't exist
2025-07-07 14:38:28 - Request: GET chu_chay
2025-07-07 14:38:28 - GET Error: Table 'form.chu_chay' doesn't exist
2025-07-07 14:39:35 - Request: GET banner
2025-07-07 14:39:35 - GET Error: Table 'form.banner' doesn't exist
2025-07-07 14:39:35 - Request: GET banner
2025-07-07 14:39:35 - GET Error: Table 'form.banner' doesn't exist
2025-07-07 14:57:30 - Request: GET chu_chay
2025-07-07 14:57:30 - GET Error: Table 'form.chu_chay' doesn't exist
2025-07-07 14:57:30 - Request: GET chu_chay
2025-07-07 14:57:30 - GET Error: Table 'form.chu_chay' doesn't exist
2025-07-07 15:07:31 - Request: GET chu_chay
2025-07-07 15:07:31 - GET Error: Table 'form.chu_chay' doesn't exist
2025-07-07 15:07:31 - Request: GET chu_chay
2025-07-07 15:07:31 - GET Error: Table 'form.chu_chay' doesn't exist
2025-07-07 15:07:56 - Request: GET chu_chay
2025-07-07 15:07:56 - GET Error: Table 'form.chu_chay' doesn't exist
2025-07-07 15:07:56 - Request: GET chu_chay
2025-07-07 15:07:56 - GET Error: Table 'form.chu_chay' doesn't exist
2025-07-07 15:10:27 - Request: GET chu_chay
2025-07-07 15:10:28 - GET Error: Table 'form.chu_chay' doesn't exist
2025-07-07 15:10:28 - Request: GET chu_chay
2025-07-07 15:10:28 - GET Error: Table 'form.chu_chay' doesn't exist
2025-07-07 15:21:34 - Request: GET chu_chay
2025-07-07 15:21:35 - GET Error: Table 'form.chu_chay' doesn't exist
2025-07-07 15:21:34 - Request: GET chu_chay
2025-07-07 15:21:35 - GET Error: Table 'form.chu_chay' doesn't exist
2025-07-07 15:22:18 - Request: GET chu_chay
2025-07-07 15:22:19 - GET Error: Table 'form.chu_chay' doesn't exist
2025-07-07 15:22:19 - Request: GET chu_chay
2025-07-07 15:22:19 - GET Error: Table 'form.chu_chay' doesn't exist
2025-07-07 15:22:38 - Request: GET chu_chay
2025-07-07 15:22:38 - Request: GET chu_chay
2025-07-07 15:22:38 - GET Error: Table 'form.chu_chay' doesn't exist
2025-07-07 15:22:38 - GET Error: Table 'form.chu_chay' doesn't exist
2025-07-07 15:23:09 - Request: GET chu_chay
2025-07-07 15:23:10 - Request: GET chu_chay
2025-07-07 15:23:10 - GET Error: Table 'form.chu_chay' doesn't exist
2025-07-07 15:23:10 - GET Error: Table 'form.chu_chay' doesn't exist
2025-07-07 15:23:35 - Request: GET chu_chay
2025-07-07 15:23:35 - GET Error: Table 'form.chu_chay' doesn't exist
2025-07-07 15:23:35 - Request: GET chu_chay
2025-07-07 15:23:35 - GET Error: Table 'form.chu_chay' doesn't exist
2025-07-07 15:23:49 - Request: GET chu_chay
2025-07-07 15:23:49 - GET Error: Table 'form.chu_chay' doesn't exist
2025-07-07 15:23:49 - Request: GET chu_chay
2025-07-07 15:23:50 - GET Error: Table 'form.chu_chay' doesn't exist
2025-07-07 15:24:34 - Request: GET chu_chay
2025-07-07 15:24:34 - GET Error: Table 'form.chu_chay' doesn't exist
2025-07-07 15:24:34 - Request: GET chu_chay
2025-07-07 15:24:35 - GET Error: Table 'form.chu_chay' doesn't exist
2025-07-07 15:24:59 - Request: GET chu_chay
2025-07-07 15:24:59 - GET Error: Table 'form.chu_chay' doesn't exist
2025-07-07 15:24:59 - Request: GET chu_chay
2025-07-07 15:24:59 - GET Error: Table 'form.chu_chay' doesn't exist
2025-07-07 15:25:40 - Request: GET chu_chay
2025-07-07 15:25:40 - Request: GET chu_chay
2025-07-07 15:25:40 - GET Error: Table 'form.chu_chay' doesn't exist
2025-07-07 15:25:40 - GET Error: Table 'form.chu_chay' doesn't exist
2025-07-07 15:26:05 - Request: GET chu_chay
2025-07-07 15:26:05 - Request: GET chu_chay
2025-07-07 15:26:05 - GET Error: Table 'form.chu_chay' doesn't exist
2025-07-07 15:26:05 - GET Error: Table 'form.chu_chay' doesn't exist
2025-07-07 15:26:08 - Request: GET banner
2025-07-07 15:26:08 - GET Error: Table 'form.banner' doesn't exist
2025-07-07 15:26:08 - Request: GET banner
2025-07-07 15:26:09 - GET Error: Table 'form.banner' doesn't exist
2025-07-07 15:26:32 - Request: GET banner
2025-07-07 15:26:32 - Request: GET banner
2025-07-07 15:26:32 - GET Error: Table 'form.banner' doesn't exist
2025-07-07 15:26:32 - GET Error: Table 'form.banner' doesn't exist
2025-07-07 15:28:14 - Request: GET chu_chay
2025-07-07 15:28:14 - GET Error: Table 'form.chu_chay' doesn't exist
2025-07-07 15:28:14 - Request: GET chu_chay
2025-07-07 15:28:14 - GET Error: Table 'form.chu_chay' doesn't exist
2025-07-07 15:28:51 - Request: GET chu_chay
2025-07-07 15:28:51 - Request: GET chu_chay
2025-07-07 15:28:52 - GET Error: Table 'form.chu_chay' doesn't exist
2025-07-07 15:28:52 - GET Error: Table 'form.chu_chay' doesn't exist
2025-07-07 15:29:37 - Request: GET chu_chay
2025-07-07 15:29:37 - GET Error: Table 'form.chu_chay' doesn't exist
2025-07-07 15:29:38 - Request: GET chu_chay
2025-07-07 15:29:38 - GET Error: Table 'form.chu_chay' doesn't exist
2025-07-07 15:30:09 - Request: GET chu_chay
2025-07-07 15:30:10 - GET Error: Table 'form.chu_chay' doesn't exist
2025-07-07 15:30:10 - Request: GET chu_chay
2025-07-07 15:30:10 - GET Error: Table 'form.chu_chay' doesn't exist
2025-07-07 15:32:54 - Request: GET chu_chay
2025-07-07 15:32:54 - GET Error: Table 'form.chu_chay' doesn't exist
2025-07-07 15:32:54 - Request: GET chu_chay
2025-07-07 15:32:54 - GET Error: Table 'form.chu_chay' doesn't exist
2025-07-07 15:33:53 - Request: GET chu_chay
2025-07-07 15:33:53 - GET Error: Table 'form.chu_chay' doesn't exist
2025-07-07 15:33:53 - Request: GET chu_chay
2025-07-07 15:33:53 - GET Error: Table 'form.chu_chay' doesn't exist
2025-07-07 15:34:53 - Request: GET chu_chay
2025-07-07 15:34:53 - GET Error: Table 'form.chu_chay' doesn't exist
2025-07-07 15:34:53 - Request: GET chu_chay
2025-07-07 15:34:53 - GET Error: Table 'form.chu_chay' doesn't exist
2025-07-07 15:36:48 - Request: GET chu_chay
2025-07-07 15:36:48 - GET Error: Table 'form.chu_chay' doesn't exist
2025-07-07 15:36:48 - Request: GET chu_chay
2025-07-07 15:36:48 - GET Error: Table 'form.chu_chay' doesn't exist
2025-07-07 15:44:51 - Request: GET chu_chay
2025-07-07 15:44:51 - GET Error: Table 'form.chu_chay' doesn't exist
2025-07-07 15:44:52 - Request: GET chu_chay
2025-07-07 15:44:52 - GET Error: Table 'form.chu_chay' doesn't exist
2025-07-07 15:48:19 - Request: GET chu_chay
2025-07-07 15:48:19 - GET Error: Table 'form.chu_chay' doesn't exist
2025-07-07 15:48:19 - Request: GET chu_chay
2025-07-07 15:48:19 - GET Error: Table 'form.chu_chay' doesn't exist
2025-07-07 15:54:42 - Request: GET chu_chay
2025-07-07 15:54:42 - GET Error: Table 'form.chu_chay' doesn't exist
2025-07-07 15:54:42 - Request: GET chu_chay
2025-07-07 15:54:42 - GET Error: Table 'form.chu_chay' doesn't exist
2025-07-07 15:56:13 - Request: GET chu_chay
2025-07-07 15:56:13 - GET Error: Table 'form.chu_chay' doesn't exist
2025-07-07 15:56:13 - Request: GET chu_chay
2025-07-07 15:56:13 - GET Error: Table 'form.chu_chay' doesn't exist
2025-07-07 15:57:36 - Request: GET chu_chay
2025-07-07 15:57:36 - GET Error: Table 'form.chu_chay' doesn't exist
2025-07-07 15:57:36 - Request: GET chu_chay
2025-07-07 15:57:36 - GET Error: Table 'form.chu_chay' doesn't exist
2025-07-07 15:58:13 - Request: GET chu_chay
2025-07-07 15:58:13 - GET Error: Table 'form.chu_chay' doesn't exist
2025-07-07 15:58:13 - Request: GET chu_chay
2025-07-07 15:58:13 - GET Error: Table 'form.chu_chay' doesn't exist
2025-07-07 15:59:22 - Request: GET chu_chay
2025-07-07 15:59:22 - GET Error: Table 'form.chu_chay' doesn't exist
2025-07-07 15:59:22 - Request: GET chu_chay
2025-07-07 15:59:22 - GET Error: Table 'form.chu_chay' doesn't exist
2025-07-07 15:59:37 - Request: GET chu_chay
2025-07-07 15:59:37 - GET Error: Table 'form.chu_chay' doesn't exist
2025-07-07 15:59:37 - Request: GET chu_chay
2025-07-07 15:59:38 - GET Error: Table 'form.chu_chay' doesn't exist
2025-07-07 16:02:31 - Request: GET chu_chay
2025-07-07 16:02:31 - GET Error: Table 'form.chu_chay' doesn't exist
2025-07-07 16:02:32 - Request: GET chu_chay
2025-07-07 16:02:32 - GET Error: Table 'form.chu_chay' doesn't exist
2025-07-07 16:03:29 - Request: GET chu_chay
2025-07-07 16:03:29 - Request: GET chu_chay
2025-07-07 16:03:29 - GET Error: Table 'form.chu_chay' doesn't exist
2025-07-07 16:03:29 - GET Error: Table 'form.chu_chay' doesn't exist
2025-07-07 16:03:42 - Request: GET chu_chay
2025-07-07 16:03:42 - Request: GET chu_chay
2025-07-07 16:03:42 - GET Error: Table 'form.chu_chay' doesn't exist
2025-07-07 16:03:42 - GET Error: Table 'form.chu_chay' doesn't exist
2025-07-07 16:04:12 - Request: GET chu_chay
2025-07-07 16:04:12 - Request: GET chu_chay
2025-07-07 16:04:12 - GET Error: Table 'form.chu_chay' doesn't exist
2025-07-07 16:04:12 - GET Error: Table 'form.chu_chay' doesn't exist
2025-07-07 16:05:58 - Request: GET chu_chay
2025-07-07 16:05:58 - Request: GET chu_chay
2025-07-07 16:05:58 - GET Error: Table 'form.chu_chay' doesn't exist
2025-07-07 16:05:58 - GET Error: Table 'form.chu_chay' doesn't exist
2025-07-07 16:07:56 - Request: GET chu_chay
2025-07-07 16:07:56 - Request: GET chu_chay
2025-07-07 16:07:56 - GET Error: Table 'form.chu_chay' doesn't exist
2025-07-07 16:07:56 - GET Error: Table 'form.chu_chay' doesn't exist
2025-07-07 16:08:21 - Request: GET chu_chay
2025-07-07 16:08:21 - Request: GET chu_chay
2025-07-07 16:08:21 - GET Error: Table 'form.chu_chay' doesn't exist
2025-07-07 16:08:21 - GET Error: Table 'form.chu_chay' doesn't exist
2025-07-07 16:09:27 - Request: GET chu_chay
2025-07-07 16:09:27 - Request: GET chu_chay
2025-07-07 16:09:27 - GET Error: Table 'form.chu_chay' doesn't exist
2025-07-07 16:09:27 - GET Error: Table 'form.chu_chay' doesn't exist
2025-07-07 16:17:38 - Request: GET chu_chay
2025-07-07 16:17:38 - GET Error: Table 'form.chu_chay' doesn't exist
2025-07-07 16:17:38 - Request: GET chu_chay
2025-07-07 16:17:38 - GET Error: Table 'form.chu_chay' doesn't exist
2025-07-07 16:20:49 - Request: GET chu_chay
2025-07-07 16:20:49 - GET Error: Table 'form.chu_chay' doesn't exist
2025-07-07 16:20:49 - Request: GET chu_chay
2025-07-07 16:20:49 - GET Error: Table 'form.chu_chay' doesn't exist
2025-07-07 16:24:25 - Request: GET chu_chay
2025-07-07 16:24:25 - Request: GET chu_chay
2025-07-07 16:24:25 - GET Error: Table 'form.chu_chay' doesn't exist
2025-07-07 16:24:25 - GET Error: Table 'form.chu_chay' doesn't exist
2025-07-07 16:25:41 - Request: GET chu_chay
2025-07-07 16:25:41 - Request: GET chu_chay
2025-07-07 16:25:41 - GET Error: Table 'form.chu_chay' doesn't exist
2025-07-07 16:25:41 - GET Error: Table 'form.chu_chay' doesn't exist
2025-07-07 16:27:28 - Request: GET chu_chay
2025-07-07 16:27:28 - Request: GET chu_chay
2025-07-07 16:27:28 - GET Error: Table 'form.chu_chay' doesn't exist
2025-07-07 16:27:28 - GET Error: Table 'form.chu_chay' doesn't exist
2025-07-07 16:27:36 - Request: GET chu_chay
2025-07-07 16:27:36 - Request: GET chu_chay
2025-07-07 16:27:36 - GET Error: Table 'form.chu_chay' doesn't exist
2025-07-07 16:27:36 - GET Error: Table 'form.chu_chay' doesn't exist
2025-07-07 16:28:25 - Request: GET chu_chay
2025-07-07 16:28:25 - Request: GET chu_chay
2025-07-07 16:28:25 - GET Error: Table 'form.chu_chay' doesn't exist
2025-07-07 16:28:25 - GET Error: Table 'form.chu_chay' doesn't exist
2025-07-07 16:28:53 - Request: GET chu_chay
2025-07-07 16:28:53 - GET Error: Table 'form.chu_chay' doesn't exist
2025-07-07 16:28:53 - Request: GET chu_chay
2025-07-07 16:28:53 - GET Error: Table 'form.chu_chay' doesn't exist
2025-07-07 16:29:00 - Request: GET chu_chay
2025-07-07 16:29:00 - Request: GET chu_chay
2025-07-07 16:29:00 - GET Error: Table 'form.chu_chay' doesn't exist
2025-07-07 16:29:00 - GET Error: Table 'form.chu_chay' doesn't exist
2025-07-07 16:31:33 - Request: GET chu_chay
2025-07-07 16:31:33 - GET Error: Table 'form.chu_chay' doesn't exist
2025-07-07 16:31:33 - Request: GET chu_chay
2025-07-07 16:31:33 - GET Error: Table 'form.chu_chay' doesn't exist
2025-07-07 16:32:39 - Request: GET chu_chay
2025-07-07 16:32:39 - Request: GET chu_chay
2025-07-07 16:32:39 - GET Error: Table 'form.chu_chay' doesn't exist
2025-07-07 16:32:39 - GET Error: Table 'form.chu_chay' doesn't exist
2025-07-07 16:32:57 - Request: GET chu_chay
2025-07-07 16:32:57 - Request: GET chu_chay
2025-07-07 16:32:57 - GET Error: Table 'form.chu_chay' doesn't exist
2025-07-07 16:32:57 - GET Error: Table 'form.chu_chay' doesn't exist
2025-07-07 16:36:38 - Request: GET chu_chay
2025-07-07 16:36:38 - GET Error: Table 'form.chu_chay' doesn't exist
2025-07-07 16:36:38 - Request: GET chu_chay
2025-07-07 16:36:38 - GET Error: Table 'form.chu_chay' doesn't exist
2025-07-07 16:36:48 - Request: GET chu_chay
2025-07-07 16:36:48 - Request: GET chu_chay
2025-07-07 16:36:48 - GET Error: Table 'form.chu_chay' doesn't exist
2025-07-07 16:36:48 - GET Error: Table 'form.chu_chay' doesn't exist
2025-07-07 16:52:47 - Request: GET chu_chay
2025-07-07 16:52:47 - GET Error: Table 'form.chu_chay' doesn't exist
2025-07-07 16:52:47 - Request: GET chu_chay
2025-07-07 16:52:47 - GET Error: Table 'form.chu_chay' doesn't exist
2025-07-07 16:53:28 - Request: GET banner
2025-07-07 16:53:28 - GET Error: Table 'form.banner' doesn't exist
2025-07-07 16:53:28 - Request: GET banner
2025-07-07 16:53:28 - GET Error: Table 'form.banner' doesn't exist
2025-07-07 17:00:54 - Request: GET chu_chay
2025-07-07 17:00:54 - Request: GET chu_chay
2025-07-07 17:00:54 - GET Error: Table 'form.chu_chay' doesn't exist
2025-07-07 17:00:54 - GET Error: Table 'form.chu_chay' doesn't exist
2025-07-07 17:01:05 - Request: GET chu_chay
2025-07-07 17:01:05 - Request: GET chu_chay
2025-07-07 17:01:05 - GET Error: Table 'form.chu_chay' doesn't exist
2025-07-07 17:01:05 - GET Error: Table 'form.chu_chay' doesn't exist
2025-07-07 17:01:35 - Request: GET chu_chay
2025-07-07 17:01:35 - GET Error: Table 'form.chu_chay' doesn't exist
2025-07-07 17:01:35 - Request: GET chu_chay
2025-07-07 17:01:35 - GET Error: Table 'form.chu_chay' doesn't exist
2025-07-07 17:02:07 - Request: GET chu_chay
2025-07-07 17:02:07 - Request: GET chu_chay
2025-07-07 17:02:07 - GET Error: Table 'form.chu_chay' doesn't exist
2025-07-07 17:02:07 - GET Error: Table 'form.chu_chay' doesn't exist
2025-07-07 17:02:21 - Request: GET chu_chay
2025-07-07 17:02:21 - Request: GET chu_chay
2025-07-07 17:02:21 - GET Error: Table 'form.chu_chay' doesn't exist
2025-07-07 17:02:21 - GET Error: Table 'form.chu_chay' doesn't exist
2025-07-07 17:05:24 - Request: GET chu_chay
2025-07-07 17:05:24 - Request: GET chu_chay
2025-07-07 17:05:24 - GET Error: Table 'form.chu_chay' doesn't exist
2025-07-07 17:05:24 - GET Error: Table 'form.chu_chay' doesn't exist
2025-07-07 17:07:24 - Request: GET chu_chay
2025-07-07 17:07:24 - Request: GET chu_chay
2025-07-07 17:07:24 - GET Error: Table 'form.chu_chay' doesn't exist
2025-07-07 17:07:24 - GET Error: Table 'form.chu_chay' doesn't exist
2025-07-07 17:08:35 - Request: GET chu_chay
2025-07-07 17:08:35 - Request: GET chu_chay
2025-07-07 17:08:35 - GET Error: Table 'form.chu_chay' doesn't exist
2025-07-07 17:08:35 - GET Error: Table 'form.chu_chay' doesn't exist
2025-07-07 17:08:55 - Request: GET chu_chay
2025-07-07 17:08:55 - Request: GET chu_chay
2025-07-07 17:08:55 - GET Error: Table 'form.chu_chay' doesn't exist
2025-07-07 17:08:55 - GET Error: Table 'form.chu_chay' doesn't exist
2025-07-07 17:10:35 - Request: GET chu_chay
2025-07-07 17:10:35 - GET Error: Table 'form.chu_chay' doesn't exist
2025-07-07 17:10:35 - Request: GET chu_chay
2025-07-07 17:10:35 - GET Error: Table 'form.chu_chay' doesn't exist
2025-07-07 17:10:53 - Request: GET chu_chay
2025-07-07 17:10:53 - GET Error: Table 'form.chu_chay' doesn't exist
2025-07-07 17:10:53 - Request: GET chu_chay
2025-07-07 17:10:54 - GET Error: Table 'form.chu_chay' doesn't exist
2025-07-07 17:11:01 - Request: GET chu_chay
2025-07-07 17:11:01 - GET Error: Table 'form.chu_chay' doesn't exist
2025-07-07 17:11:01 - Request: GET chu_chay
2025-07-07 17:11:01 - GET Error: Table 'form.chu_chay' doesn't exist
2025-07-07 17:11:16 - Request: GET chu_chay
2025-07-07 17:11:16 - Request: GET chu_chay
2025-07-07 17:11:16 - GET Error: Table 'form.chu_chay' doesn't exist
2025-07-07 17:11:16 - GET Error: Table 'form.chu_chay' doesn't exist
2025-07-07 17:11:34 - Request: GET chu_chay
2025-07-07 17:11:34 - Request: GET chu_chay
2025-07-07 17:11:34 - GET Error: Table 'form.chu_chay' doesn't exist
2025-07-07 17:11:34 - GET Error: Table 'form.chu_chay' doesn't exist
2025-07-07 17:11:40 - Request: GET chu_chay
2025-07-07 17:11:40 - GET Error: Table 'form.chu_chay' doesn't exist
2025-07-07 17:11:40 - Request: GET chu_chay
2025-07-07 17:11:40 - GET Error: Table 'form.chu_chay' doesn't exist
2025-07-07 17:13:33 - Request: GET chu_chay
2025-07-07 17:13:33 - GET Error: Table 'form.chu_chay' doesn't exist
2025-07-07 17:13:34 - Request: GET chu_chay
2025-07-07 17:13:34 - GET Error: Table 'form.chu_chay' doesn't exist
2025-07-07 17:13:39 - Request: GET chu_chay
2025-07-07 17:13:39 - GET Error: Table 'form.chu_chay' doesn't exist
2025-07-07 17:13:39 - Request: GET chu_chay
2025-07-07 17:13:40 - GET Error: Table 'form.chu_chay' doesn't exist
2025-07-07 17:18:00 - Request: GET chu_chay
2025-07-07 17:18:00 - GET Error: Table 'form.chu_chay' doesn't exist
2025-07-07 17:18:00 - Request: GET chu_chay
2025-07-07 17:18:00 - GET Error: Table 'form.chu_chay' doesn't exist
2025-07-07 17:18:38 - Request: GET chu_chay
2025-07-07 17:18:38 - GET Error: Table 'form.chu_chay' doesn't exist
2025-07-07 17:18:39 - Request: GET chu_chay
2025-07-07 17:18:39 - GET Error: Table 'form.chu_chay' doesn't exist
2025-07-07 17:22:39 - Request: GET chu_chay
2025-07-07 17:22:39 - GET Error: Table 'form.chu_chay' doesn't exist
2025-07-07 17:22:39 - Request: GET chu_chay
2025-07-07 17:22:39 - GET Error: Table 'form.chu_chay' doesn't exist
2025-07-07 17:24:08 - Request: GET chu_chay
2025-07-07 17:24:08 - GET Error: Table 'form.chu_chay' doesn't exist
2025-07-07 17:24:09 - Request: GET chu_chay
2025-07-07 17:24:09 - GET Error: Table 'form.chu_chay' doesn't exist
2025-07-07 17:24:16 - Request: GET chu_chay
2025-07-07 17:24:16 - GET Error: Table 'form.chu_chay' doesn't exist
2025-07-07 17:24:16 - Request: GET chu_chay
2025-07-07 17:24:16 - GET Error: Table 'form.chu_chay' doesn't exist
2025-07-07 17:24:21 - Request: GET banner
2025-07-07 17:24:21 - GET Error: Table 'form.banner' doesn't exist
2025-07-07 17:24:21 - Request: GET banner
2025-07-07 17:24:21 - GET Error: Table 'form.banner' doesn't exist
2025-07-07 17:27:42 - Request: GET chu_chay
2025-07-07 17:27:42 - GET Error: Table 'form.chu_chay' doesn't exist
2025-07-07 17:27:42 - Request: GET chu_chay
2025-07-07 17:27:43 - GET Error: Table 'form.chu_chay' doesn't exist
2025-07-07 17:27:47 - Request: GET chu_chay
2025-07-07 17:27:47 - GET Error: Table 'form.chu_chay' doesn't exist
2025-07-07 17:27:47 - Request: GET chu_chay
2025-07-07 17:27:48 - GET Error: Table 'form.chu_chay' doesn't exist
2025-07-07 17:28:31 - Request: GET banner
2025-07-07 17:28:31 - GET Error: Table 'form.banner' doesn't exist
2025-07-07 17:28:31 - Request: GET banner
2025-07-07 17:28:31 - GET Error: Table 'form.banner' doesn't exist
2025-07-07 17:36:39 - Request: GET chu_chay
2025-07-07 17:36:39 - GET Error: Table 'form.chu_chay' doesn't exist
2025-07-07 17:36:39 - Request: GET chu_chay
2025-07-07 17:36:39 - GET Error: Table 'form.chu_chay' doesn't exist
2025-07-07 17:36:43 - Request: GET chu_chay
2025-07-07 17:36:43 - GET Error: Table 'form.chu_chay' doesn't exist
2025-07-07 17:36:43 - Request: GET chu_chay
2025-07-07 17:36:43 - GET Error: Table 'form.chu_chay' doesn't exist
2025-07-07 17:37:03 - Request: GET chu_chay
2025-07-07 17:37:03 - GET Error: Table 'form.chu_chay' doesn't exist
2025-07-07 17:37:03 - Request: GET chu_chay
2025-07-07 17:37:03 - GET Error: Table 'form.chu_chay' doesn't exist
2025-07-07 17:37:07 - Request: GET chu_chay
2025-07-07 17:37:07 - GET Error: Table 'form.chu_chay' doesn't exist
2025-07-07 17:37:07 - Request: GET chu_chay
2025-07-07 17:37:07 - GET Error: Table 'form.chu_chay' doesn't exist
2025-07-08 06:12:12 - Error: php_network_getaddresses: getaddrinfo for db failed: No such host is known. 
2025-07-08 06:12:15 - Error: php_network_getaddresses: getaddrinfo for db failed: No such host is known. 
2025-07-08 06:17:26 - Request: GET chu_chay
2025-07-08 06:17:26 - GET Error: Table 'form.chu_chay' doesn't exist
2025-07-08 06:17:26 - Request: GET chu_chay
2025-07-08 06:17:26 - GET Error: Table 'form.chu_chay' doesn't exist
2025-07-08 06:21:14 - Request: GET chu_chay
2025-07-08 06:21:14 - GET Error: Table 'form.chu_chay' doesn't exist
2025-07-08 06:21:14 - Request: GET chu_chay
2025-07-08 06:21:14 - GET Error: Table 'form.chu_chay' doesn't exist
2025-07-08 06:25:44 - Request: GET chu_chay
2025-07-08 06:25:44 - GET Error: Table 'form.chu_chay' doesn't exist
2025-07-08 06:25:44 - Request: GET chu_chay
2025-07-08 06:25:44 - GET Error: Table 'form.chu_chay' doesn't exist
2025-07-08 06:26:45 - Request: GET chu_chay
2025-07-08 06:26:45 - GET Error: Table 'form.chu_chay' doesn't exist
2025-07-08 06:26:45 - Request: GET chu_chay
2025-07-08 06:26:45 - GET Error: Table 'form.chu_chay' doesn't exist
2025-07-08 06:36:33 - Request: GET chu_chay
2025-07-08 06:36:33 - GET Error: Table 'form.chu_chay' doesn't exist
2025-07-08 06:36:34 - Request: GET chu_chay
2025-07-08 06:36:34 - GET Error: Table 'form.chu_chay' doesn't exist
2025-07-08 09:12:11 - Request: GET chu_chay
2025-07-08 09:12:11 - GET Error: Table 'form.chu_chay' doesn't exist
2025-07-08 09:12:11 - Request: GET chu_chay
2025-07-08 09:12:11 - GET Error: Table 'form.chu_chay' doesn't exist
2025-07-08 09:12:46 - Request: GET chu_chay
2025-07-08 09:12:46 - GET Error: Table 'form.chu_chay' doesn't exist
2025-07-08 09:12:46 - Request: GET chu_chay
2025-07-08 09:12:46 - GET Error: Table 'form.chu_chay' doesn't exist
2025-07-08 09:13:39 - Request: GET chu_chay
2025-07-08 09:13:39 - GET Error: Table 'form.chu_chay' doesn't exist
2025-07-08 09:13:39 - Request: GET chu_chay
2025-07-08 09:13:39 - GET Error: Table 'form.chu_chay' doesn't exist
2025-07-08 09:13:42 - Request: GET chu_chay
2025-07-08 09:13:42 - GET Error: Table 'form.chu_chay' doesn't exist
2025-07-08 09:13:42 - Request: GET chu_chay
2025-07-08 09:13:42 - GET Error: Table 'form.chu_chay' doesn't exist
2025-07-08 10:05:12 - Request: GET chu_chay
2025-07-08 10:05:12 - GET Error: Table 'form.chu_chay' doesn't exist
2025-07-08 10:05:12 - Request: GET chu_chay
2025-07-08 10:05:12 - GET Error: Table 'form.chu_chay' doesn't exist
2025-07-08 12:22:53 - Request: GET chu_chay
2025-07-08 12:22:53 - GET Error: Table 'form.chu_chay' doesn't exist
2025-07-08 12:22:53 - Request: GET chu_chay
2025-07-08 12:22:53 - GET Error: Table 'form.chu_chay' doesn't exist
2025-07-08 17:05:32 - Request: GET chu_chay
2025-07-08 17:05:32 - GET Error: Table 'form.chu_chay' doesn't exist
2025-07-08 17:05:32 - Request: GET chu_chay
2025-07-08 17:05:32 - GET Error: Table 'form.chu_chay' doesn't exist
2025-07-09 11:51:26 - Request: GET chu_chay
2025-07-09 11:51:26 - GET Error: Table 'form.chu_chay' doesn't exist
2025-07-09 11:51:27 - Request: GET chu_chay
2025-07-09 11:51:27 - GET Error: Table 'form.chu_chay' doesn't exist
2025-07-09 11:54:59 - Request: GET chu_chay
2025-07-09 11:54:59 - GET Error: Table 'form.chu_chay' doesn't exist
2025-07-09 11:54:59 - Request: GET chu_chay
2025-07-09 11:54:59 - GET Error: Table 'form.chu_chay' doesn't exist
2025-07-09 11:55:37 - Request: GET chu_chay
2025-07-09 11:55:37 - GET Error: Table 'form.chu_chay' doesn't exist
2025-07-09 11:55:37 - Request: GET chu_chay
2025-07-09 11:55:37 - GET Error: Table 'form.chu_chay' doesn't exist
2025-07-09 12:03:13 - Request: GET chu_chay
2025-07-09 12:03:13 - GET Error: Table 'form.chu_chay' doesn't exist
2025-07-09 12:03:13 - Request: GET chu_chay
2025-07-09 12:03:13 - GET Error: Table 'form.chu_chay' doesn't exist
2025-07-09 12:04:46 - Request: GET chu_chay
2025-07-09 12:04:46 - GET Error: Table 'form.chu_chay' doesn't exist
2025-07-09 12:04:46 - Request: GET chu_chay
2025-07-09 12:04:46 - GET Error: Table 'form.chu_chay' doesn't exist
2025-07-09 12:11:46 - Request: GET chu_chay
2025-07-09 12:11:46 - GET Error: Table 'form.chu_chay' doesn't exist
2025-07-09 12:11:46 - Request: GET chu_chay
2025-07-09 12:11:46 - GET Error: Table 'form.chu_chay' doesn't exist
2025-07-09 12:20:31 - Request: GET chu_chay
2025-07-09 12:20:31 - GET Error: Table 'form.chu_chay' doesn't exist
2025-07-09 12:20:31 - Request: GET chu_chay
2025-07-09 12:20:31 - GET Error: Table 'form.chu_chay' doesn't exist
2025-07-09 12:21:32 - Request: GET chu_chay
2025-07-09 12:21:32 - GET Error: Table 'form.chu_chay' doesn't exist
2025-07-09 12:21:32 - Request: GET chu_chay
2025-07-09 12:21:32 - GET Error: Table 'form.chu_chay' doesn't exist
2025-07-09 12:22:49 - Request: GET chu_chay
2025-07-09 12:22:49 - GET Error: Table 'form.chu_chay' doesn't exist
2025-07-09 12:22:49 - Request: GET chu_chay
2025-07-09 12:22:49 - GET Error: Table 'form.chu_chay' doesn't exist
2025-07-09 12:23:15 - Request: GET chu_chay
2025-07-09 12:23:15 - GET Error: Table 'form.chu_chay' doesn't exist
2025-07-09 12:23:15 - Request: GET chu_chay
2025-07-09 12:23:15 - GET Error: Table 'form.chu_chay' doesn't exist
2025-07-09 12:25:41 - Request: GET chu_chay
2025-07-09 12:25:41 - GET Error: Table 'form.chu_chay' doesn't exist
2025-07-09 12:25:41 - Request: GET chu_chay
2025-07-09 12:25:41 - GET Error: Table 'form.chu_chay' doesn't exist
2025-07-09 12:26:47 - Request: GET chu_chay
2025-07-09 12:26:47 - GET Error: Table 'form.chu_chay' doesn't exist
2025-07-09 12:26:47 - Request: GET chu_chay
2025-07-09 12:26:47 - GET Error: Table 'form.chu_chay' doesn't exist
2025-07-09 12:28:05 - Request: GET chu_chay
2025-07-09 12:28:05 - GET Error: Table 'form.chu_chay' doesn't exist
2025-07-09 12:28:05 - Request: GET chu_chay
2025-07-09 12:28:05 - GET Error: Table 'form.chu_chay' doesn't exist
2025-07-09 12:29:07 - Request: GET chu_chay
2025-07-09 12:29:07 - GET Error: Table 'form.chu_chay' doesn't exist
2025-07-09 12:29:07 - Request: GET chu_chay
2025-07-09 12:29:07 - GET Error: Table 'form.chu_chay' doesn't exist
2025-07-09 12:37:20 - Request: GET chu_chay
2025-07-09 12:37:20 - GET Error: Table 'form.chu_chay' doesn't exist
2025-07-09 12:37:20 - Request: GET chu_chay
2025-07-09 12:37:20 - GET Error: Table 'form.chu_chay' doesn't exist
2025-07-09 12:37:43 - Request: GET chu_chay
2025-07-09 12:37:43 - GET Error: Table 'form.chu_chay' doesn't exist
2025-07-09 12:37:43 - Request: GET chu_chay
2025-07-09 12:37:43 - GET Error: Table 'form.chu_chay' doesn't exist
2025-07-09 12:40:19 - Request: GET chu_chay
2025-07-09 12:40:19 - GET Error: Table 'form.chu_chay' doesn't exist
2025-07-09 12:40:19 - Request: GET chu_chay
2025-07-09 12:40:19 - GET Error: Table 'form.chu_chay' doesn't exist
2025-07-09 12:42:34 - Request: GET chu_chay
2025-07-09 12:42:34 - GET Error: Table 'form.chu_chay' doesn't exist
2025-07-09 12:42:34 - Request: GET chu_chay
2025-07-09 12:42:34 - GET Error: Table 'form.chu_chay' doesn't exist
2025-07-09 12:43:55 - Request: GET chu_chay
2025-07-09 12:43:55 - GET Error: Table 'form.chu_chay' doesn't exist
2025-07-09 12:43:55 - Request: GET chu_chay
2025-07-09 12:43:55 - GET Error: Table 'form.chu_chay' doesn't exist
2025-07-09 12:44:30 - Request: GET chu_chay
2025-07-09 12:44:30 - GET Error: Table 'form.chu_chay' doesn't exist
2025-07-09 12:44:30 - Request: GET chu_chay
2025-07-09 12:44:30 - GET Error: Table 'form.chu_chay' doesn't exist
2025-07-09 12:46:41 - Request: GET chu_chay
2025-07-09 12:46:41 - GET Error: Table 'form.chu_chay' doesn't exist
2025-07-09 12:46:41 - Request: GET chu_chay
2025-07-09 12:46:41 - GET Error: Table 'form.chu_chay' doesn't exist
2025-07-09 12:49:52 - Request: GET chu_chay
2025-07-09 12:49:52 - GET Error: Table 'form.chu_chay' doesn't exist
2025-07-09 12:49:52 - Request: GET chu_chay
2025-07-09 12:49:52 - GET Error: Table 'form.chu_chay' doesn't exist
2025-07-09 12:50:33 - Request: GET chu_chay
2025-07-09 12:50:33 - GET Error: Table 'form.chu_chay' doesn't exist
2025-07-09 12:50:33 - Request: GET chu_chay
2025-07-09 12:50:33 - GET Error: Table 'form.chu_chay' doesn't exist
2025-07-09 12:50:42 - Request: GET chu_chay
2025-07-09 12:50:42 - GET Error: Table 'form.chu_chay' doesn't exist
2025-07-09 12:50:42 - Request: GET chu_chay
2025-07-09 12:50:42 - GET Error: Table 'form.chu_chay' doesn't exist
2025-07-09 12:51:08 - Request: GET chu_chay
2025-07-09 12:51:08 - GET Error: Table 'form.chu_chay' doesn't exist
2025-07-09 12:51:08 - Request: GET chu_chay
2025-07-09 12:51:08 - GET Error: Table 'form.chu_chay' doesn't exist
2025-07-09 12:52:11 - Request: GET chu_chay
2025-07-09 12:52:11 - GET Error: Table 'form.chu_chay' doesn't exist
2025-07-09 12:52:54 - Request: GET chu_chay
2025-07-09 12:52:54 - GET Error: Table 'form.chu_chay' doesn't exist
2025-07-09 12:52:54 - Request: GET chu_chay
2025-07-09 12:52:54 - GET Error: Table 'form.chu_chay' doesn't exist
2025-07-09 12:55:45 - Request: GET chu_chay
2025-07-09 12:55:45 - GET Error: Table 'form.chu_chay' doesn't exist
2025-07-09 12:55:45 - Request: GET chu_chay
2025-07-09 12:55:45 - GET Error: Table 'form.chu_chay' doesn't exist
2025-07-09 12:56:18 - Request: GET chu_chay
2025-07-09 12:56:18 - GET Error: Table 'form.chu_chay' doesn't exist
2025-07-09 12:56:26 - Request: GET chu_chay
2025-07-09 12:56:26 - GET Error: Table 'form.chu_chay' doesn't exist
2025-07-09 12:56:32 - Request: GET chu_chay
2025-07-09 12:56:32 - GET Error: Table 'form.chu_chay' doesn't exist
2025-07-09 12:56:43 - Request: GET chu_chay
2025-07-09 12:56:43 - GET Error: Table 'form.chu_chay' doesn't exist
2025-07-09 12:56:47 - Request: GET chu_chay
2025-07-09 12:56:47 - GET Error: Table 'form.chu_chay' doesn't exist
2025-07-09 12:56:47 - Request: GET chu_chay
2025-07-09 12:56:47 - GET Error: Table 'form.chu_chay' doesn't exist
2025-07-09 12:57:04 - Request: GET chu_chay
2025-07-09 12:57:04 - GET Error: Table 'form.chu_chay' doesn't exist
2025-07-09 12:57:04 - Request: GET chu_chay
2025-07-09 12:57:04 - GET Error: Table 'form.chu_chay' doesn't exist
2025-07-09 12:58:46 - Request: GET chu_chay
2025-07-09 12:58:46 - GET Error: Table 'form.chu_chay' doesn't exist
2025-07-09 12:58:46 - Request: GET chu_chay
2025-07-09 12:58:46 - GET Error: Table 'form.chu_chay' doesn't exist
